<?xml version="1.0" encoding="UTF-8"?>
<!-- Generated by org.testng.reporters.JUnitXMLReporter -->
<testsuite ignored="0" hostname="INLTH5CG4244M7V" failures="0" tests="8" name="Test" time="7.425" errors="0" timestamp="2026-04-15T18:36:03 IST">
  <testcase classname="com.Zellis.APItestcases.ColleagueFactApiTest" name="testColleagueFactApi" time="0.991"/>
  <testcase classname="com.Zellis.APItestcases.PayrollRunIscCodeApiTest" name="getCurrentPayrollRunId" time="0.813"/>
  <testcase classname="com.Zellis.APItestcases.DexPayslipApiTest" name="verifyDexPayslipStatus" time="1.01"/>
  <testcase classname="com.Zellis.APItestcases.DexPayslipApiTest" name="countPaymentsSubgroupsAndLines" time="0.103"/>
  <testcase classname="com.Zellis.APItestcases.DexPayslipApiTest" name="getDexPayslipPayments" time="0.012"/>
  <testcase classname="com.Zellis.APItestcases.DexPayslipApiTest" name="countDeductionsSubgroupsAndLines" time="0.002"/>
  <testcase classname="com.Zellis.APItestcases.DexPayslipApiTest" name="getDexPayslipDeduction" time="0.001"/>
  <testcase classname="com.Zellis.APItestcases.DexPayslipApiTest" name="getDexPayslipBalance" time="0.002"/>
</testsuite> <!-- Test -->
