<?xml version="1.0" encoding="UTF-8"?>
<!-- Generated by org.testng.reporters.JUnitXMLReporter -->
<testsuite ignored="0" hostname="INLTH5CG4244M7V" failures="1" tests="1" name="Test(failed)" time="8.499" errors="0" timestamp="2025-09-07T20:07:31 BST">
  <testcase classname="com.Zellis.APItestcases.PayrollRunIscCodeApiTest" name="getCurrentPayrollRunId" time="1.766">
    <failure type="java.lang.RuntimeException" message="Failed to map PayrollRun API response">
      <![CDATA[java.lang.RuntimeException: Failed to map PayrollRun API response
at com.Zellis.Model.API.PayrollRunMapper.fromResponse(PayrollRunMapper.java:39)
at com.Zellis.APItestcases.PayrollRunIscCodeApiTest.getCurrentPayrollRunId(PayrollRunIscCodeApiTest.java:24)
at java.base/java.util.ArrayList.forEach(ArrayList.java:1596)
Caused by: java.lang.NullPointerException: Cannot invoke "com.fasterxml.jackson.databind.JsonNode.get(int)" because the return value of "com.fasterxml.jackson.databind.JsonNode.get(String)" is null
at com.Zellis.Model.API.PayrollRunMapper.fromResponse(PayrollRunMapper.java:22)
... 27 more
... Removed 25 stack frames]]>
    </failure>
  </testcase> <!-- getCurrentPayrollRunId -->
</testsuite> <!-- Test(failed) -->
