<?xml version="1.0" encoding="UTF-8"?>
<testng-results ignored="0" total="8" passed="8" failed="0" skipped="0">
  <reporter-output>
  </reporter-output>
  <suite started-at="2026-04-15T18:35:56 IST" name="Suite" finished-at="2026-04-15T18:36:03 IST" duration-ms="7425">
    <groups>
    </groups>
    <test started-at="2026-04-15T18:35:56 IST" name="Test" finished-at="2026-04-15T18:36:03 IST" duration-ms="7425">
      <class name="com.Zellis.APItestcases.ColleagueFactApiTest">
        <test-method is-config="true" signature="setUp()[pri:0, instance:com.Zellis.APItestcases.ColleagueFactApiTest@93cf163]" started-at="2026-04-15T18:35:56 IST" name="setUp" finished-at="2026-04-15T18:35:59 IST" duration-ms="3197" status="PASS">
          <reporter-output>
          </reporter-output>
        </test-method> <!-- setUp -->
        <test-method signature="testColleagueFactApi()[pri:0, instance:com.Zellis.APItestcases.ColleagueFactApiTest@93cf163]" started-at="2026-04-15T18:35:59 IST" name="testColleagueFactApi" finished-at="2026-04-15T18:36:00 IST" duration-ms="991" status="PASS">
          <reporter-output>
          </reporter-output>
        </test-method> <!-- testColleagueFactApi -->
      </class> <!-- com.Zellis.APItestcases.ColleagueFactApiTest -->
      <class name="com.Zellis.APItestcases.PayrollRunIscCodeApiTest">
        <test-method is-config="true" signature="setUp()[pri:0, instance:com.Zellis.APItestcases.PayrollRunIscCodeApiTest@2a76840c]" started-at="2026-04-15T18:36:00 IST" name="setUp" finished-at="2026-04-15T18:36:01 IST" duration-ms="575" status="PASS">
          <reporter-output>
          </reporter-output>
        </test-method> <!-- setUp -->
        <test-method signature="getCurrentPayrollRunId()[pri:0, instance:com.Zellis.APItestcases.PayrollRunIscCodeApiTest@2a76840c]" started-at="2026-04-15T18:36:01 IST" name="getCurrentPayrollRunId" finished-at="2026-04-15T18:36:02 IST" duration-ms="813" status="PASS">
          <reporter-output>
          </reporter-output>
        </test-method> <!-- getCurrentPayrollRunId -->
      </class> <!-- com.Zellis.APItestcases.PayrollRunIscCodeApiTest -->
      <class name="com.Zellis.APItestcases.DexPayslipApiTest">
        <test-method is-config="true" signature="setUp()[pri:0, instance:com.Zellis.APItestcases.DexPayslipApiTest@7cf6a5f9]" started-at="2026-04-15T18:36:02 IST" name="setUp" finished-at="2026-04-15T18:36:02 IST" duration-ms="640" status="PASS">
          <reporter-output>
          </reporter-output>
        </test-method> <!-- setUp -->
        <test-method signature="verifyDexPayslipStatus()[pri:0, instance:com.Zellis.APItestcases.DexPayslipApiTest@7cf6a5f9]" started-at="2026-04-15T18:36:02 IST" name="verifyDexPayslipStatus" finished-at="2026-04-15T18:36:03 IST" duration-ms="1010" status="PASS">
          <reporter-output>
          </reporter-output>
        </test-method> <!-- verifyDexPayslipStatus -->
        <test-method signature="countPaymentsSubgroupsAndLines()[pri:0, instance:com.Zellis.APItestcases.DexPayslipApiTest@7cf6a5f9]" started-at="2026-04-15T18:36:03 IST" name="countPaymentsSubgroupsAndLines" finished-at="2026-04-15T18:36:03 IST" depends-on-methods="com.Zellis.APItestcases.DexPayslipApiTest.verifyDexPayslipStatus" duration-ms="103" status="PASS">
          <reporter-output>
          </reporter-output>
        </test-method> <!-- countPaymentsSubgroupsAndLines -->
        <test-method signature="getDexPayslipPayments()[pri:0, instance:com.Zellis.APItestcases.DexPayslipApiTest@7cf6a5f9]" started-at="2026-04-15T18:36:03 IST" name="getDexPayslipPayments" finished-at="2026-04-15T18:36:03 IST" depends-on-methods="com.Zellis.APItestcases.DexPayslipApiTest.countPaymentsSubgroupsAndLines" duration-ms="12" status="PASS">
          <reporter-output>
          </reporter-output>
        </test-method> <!-- getDexPayslipPayments -->
        <test-method signature="countDeductionsSubgroupsAndLines()[pri:0, instance:com.Zellis.APItestcases.DexPayslipApiTest@7cf6a5f9]" started-at="2026-04-15T18:36:03 IST" name="countDeductionsSubgroupsAndLines" finished-at="2026-04-15T18:36:03 IST" depends-on-methods="com.Zellis.APItestcases.DexPayslipApiTest.getDexPayslipPayments" duration-ms="2" status="PASS">
          <reporter-output>
          </reporter-output>
        </test-method> <!-- countDeductionsSubgroupsAndLines -->
        <test-method signature="getDexPayslipDeduction()[pri:0, instance:com.Zellis.APItestcases.DexPayslipApiTest@7cf6a5f9]" started-at="2026-04-15T18:36:03 IST" name="getDexPayslipDeduction" finished-at="2026-04-15T18:36:03 IST" depends-on-methods="com.Zellis.APItestcases.DexPayslipApiTest.countDeductionsSubgroupsAndLines" duration-ms="1" status="PASS">
          <reporter-output>
          </reporter-output>
        </test-method> <!-- getDexPayslipDeduction -->
        <test-method signature="getDexPayslipBalance()[pri:0, instance:com.Zellis.APItestcases.DexPayslipApiTest@7cf6a5f9]" started-at="2026-04-15T18:36:03 IST" name="getDexPayslipBalance" finished-at="2026-04-15T18:36:03 IST" depends-on-methods="com.Zellis.APItestcases.DexPayslipApiTest.getDexPayslipDeduction" duration-ms="2" status="PASS">
          <reporter-output>
          </reporter-output>
        </test-method> <!-- getDexPayslipBalance -->
      </class> <!-- com.Zellis.APItestcases.DexPayslipApiTest -->
    </test> <!-- Test -->
  </suite> <!-- Suite -->
</testng-results>
