<?xml version="1.0" encoding="UTF-8"?>
<!-- Generated by org.testng.reporters.JUnitReportReporter -->
<testsuite hostname="INLTH5CG4244M7V" failures="0" tests="5" name="com.Zellis.testcases.CreateEmployeeSalariedTest" time="141.270" errors="0" timestamp="2025-09-19T19:54:30 BST" skipped="0">
  <testcase classname="com.Zellis.testcases.CreateEmployeeSalariedTest" name="verifyDCEmployeeDetails" time="7.053"/>
  <testcase classname="com.Zellis.testcases.CreateEmployeeSalariedTest" name="verifyDCEmployeePersonalDetailsAddition" time="38.694"/>
  <testcase classname="com.Zellis.testcases.CreateEmployeeSalariedTest" name="verifyDCEmployeeHomeDetail" time="9.490"/>
  <testcase classname="com.Zellis.testcases.CreateEmployeeSalariedTest" name="verifyDCBasicPayDetails" time="6.848"/>
  <testcase classname="com.Zellis.testcases.CreateEmployeeSalariedTest" name="verifyDCCurrentFuturePost" time="79.185"/>
</testsuite> <!-- com.Zellis.testcases.CreateEmployeeSalariedTest -->
