<?xml version="1.0" encoding="UTF-8"?>
<!-- Generated by org.testng.reporters.JUnitReportReporter -->
<testsuite hostname="INLTH5CG4244M7V" failures="0" tests="5" name="com.Zellis.testcases.CreateEmployeeAll" time="93.900" errors="0" timestamp="2025-09-18T10:24:36 BST" skipped="0">
  <testcase classname="com.Zellis.testcases.CreateEmployeeAll" name="verifyDCEmployeePersonalDetailsAddition" time="38.554"/>
  <testcase classname="com.Zellis.testcases.CreateEmployeeAll" name="verifyDCEmployeeDetails" time="6.405"/>
  <testcase classname="com.Zellis.testcases.CreateEmployeeAll" name="verifyDCBasicPayDetails" time="5.634"/>
  <testcase classname="com.Zellis.testcases.CreateEmployeeAll" name="verifyDCCurrentFuturePost" time="34.237"/>
  <testcase classname="com.Zellis.testcases.CreateEmployeeAll" name="verifyDCEmployeeHomeDetail" time="9.070"/>
</testsuite> <!-- com.Zellis.testcases.CreateEmployeeAll -->
