<?xml version="1.0" encoding="UTF-8"?>
<!-- Generated by org.testng.reporters.JUnitReportReporter -->
<testsuite hostname="INLTH5CG4244M7V" failures="0" tests="6" name="com.Zellis.APItestcases.DexPayslipApiTest" time="1.130" errors="0" timestamp="2026-04-15T18:36:04 IST" skipped="0">
  <testcase classname="com.Zellis.APItestcases.DexPayslipApiTest" name="verifyDexPayslipStatus" time="1.010"/>
  <testcase classname="com.Zellis.APItestcases.DexPayslipApiTest" name="getDexPayslipPayments" time="0.012"/>
  <testcase classname="com.Zellis.APItestcases.DexPayslipApiTest" name="countPaymentsSubgroupsAndLines" time="0.103"/>
  <testcase classname="com.Zellis.APItestcases.DexPayslipApiTest" name="getDexPayslipDeduction" time="0.001"/>
  <testcase classname="com.Zellis.APItestcases.DexPayslipApiTest" name="countDeductionsSubgroupsAndLines" time="0.002"/>
  <testcase classname="com.Zellis.APItestcases.DexPayslipApiTest" name="getDexPayslipBalance" time="0.002"/>
</testsuite> <!-- com.Zellis.APItestcases.DexPayslipApiTest -->
